c:\users\1107080904\documents\visual studio 2015\projects\experimentociclo\experimentociclo\debug\experimentociclo.pch
c:\users\1107080904\documents\visual studio 2015\projects\experimentociclo\experimentociclo\debug\vc140.pdb
c:\users\1107080904\documents\visual studio 2015\projects\experimentociclo\experimentociclo\debug\vc140.idb
c:\users\1107080904\documents\visual studio 2015\projects\experimentociclo\experimentociclo\debug\stdafx.obj
c:\users\1107080904\documents\visual studio 2015\projects\experimentociclo\experimentociclo\debug\experimentociclo.obj
c:\users\1107080904\desktop\proyectofinalhardware\moodle\tarea\experimentociclo\experimentociclo\debug\experimentociclo.pch
c:\users\1107080904\desktop\proyectofinalhardware\moodle\tarea\experimentociclo\experimentociclo\debug\vc140.pdb
c:\users\1107080904\desktop\proyectofinalhardware\moodle\tarea\experimentociclo\experimentociclo\debug\vc140.idb
c:\users\1107080904\desktop\proyectofinalhardware\moodle\tarea\experimentociclo\experimentociclo\debug\stdafx.obj
c:\users\1107080904\desktop\proyectofinalhardware\moodle\tarea\experimentociclo\experimentociclo\debug\experimentociclo.obj
c:\users\1107080904\documents\visual studio 2015\projects\experimentociclo\debug\experimentociclo.ilk
c:\users\1107080904\documents\visual studio 2015\projects\experimentociclo\debug\experimentociclo.exe
c:\users\1107080904\documents\visual studio 2015\projects\experimentociclo\debug\experimentociclo.pdb
c:\users\1107080904\desktop\proyectofinalhardware\moodle\tarea\experimentociclo\debug\experimentociclo.ilk
c:\users\1107080904\desktop\proyectofinalhardware\moodle\tarea\experimentociclo\debug\experimentociclo.exe
c:\users\1107080904\desktop\proyectofinalhardware\moodle\tarea\experimentociclo\debug\experimentociclo.pdb
c:\users\1107080904\desktop\estupidofinalarquitrctura\experimentociclo\experimentociclo\debug\experimentociclo.obj
c:\users\1107080904\desktop\estupidofinalarquitrctura\experimentociclo\experimentociclo\debug\stdafx.obj
c:\users\1107080904\desktop\estupidofinalarquitrctura\experimentociclo\experimentociclo\debug\experimentociclo.pch
c:\users\1107080904\desktop\estupidofinalarquitrctura\experimentociclo\experimentociclo\debug\vc140.idb
c:\users\1107080904\desktop\estupidofinalarquitrctura\experimentociclo\experimentociclo\debug\vc140.pdb
c:\users\1107080904\desktop\estupidofinalarquitrctura\experimentociclo\debug\experimentociclo.pdb
c:\users\1107080904\desktop\estupidofinalarquitrctura\experimentociclo\debug\experimentociclo.exe
c:\users\1107080904\desktop\estupidofinalarquitrctura\experimentociclo\debug\experimentociclo.ilk
c:\users\1107080904\desktop\estupidofinalarquitrctura\experimentociclo\experimentociclo\debug\experimentociclo.tlog\cl.command.1.tlog
c:\users\1107080904\desktop\estupidofinalarquitrctura\experimentociclo\experimentociclo\debug\experimentociclo.tlog\cl.read.1.tlog
c:\users\1107080904\desktop\estupidofinalarquitrctura\experimentociclo\experimentociclo\debug\experimentociclo.tlog\cl.write.1.tlog
c:\users\1107080904\desktop\estupidofinalarquitrctura\experimentociclo\experimentociclo\debug\experimentociclo.tlog\link.command.1.tlog
c:\users\1107080904\desktop\estupidofinalarquitrctura\experimentociclo\experimentociclo\debug\experimentociclo.tlog\link.read.1.tlog
c:\users\1107080904\desktop\estupidofinalarquitrctura\experimentociclo\experimentociclo\debug\experimentociclo.tlog\link.write.1.tlog
